<?xml version="1.0" encoding="UTF-8"?>
<testsuites>
  <testsuite name="C:\Users\corvo\OneDrive\Рабочий стол\hp2\php-project-48\phpunit.xml" tests="18" assertions="38" errors="0" failures="0" skipped="0" time="0.018603">
    <testsuite name="Diff Generator Test Suite" tests="18" assertions="38" errors="0" failures="0" skipped="0" time="0.018603">
      <testsuite name="Differ\Tests\Formatters\JsonTest" file="C:\Users\corvo\OneDrive\Рабочий стол\hp2\php-project-48\tests\Formatters\JsonTest.php" tests="2" assertions="6" errors="0" failures="0" skipped="0" time="0.004841">
        <testcase name="testFormat" file="C:\Users\corvo\OneDrive\Рабочий стол\hp2\php-project-48\tests\Formatters\JsonTest.php" line="10" class="Differ\Tests\Formatters\JsonTest" classname="Differ.Tests.Formatters.JsonTest" assertions="4" time="0.004438"/>
        <testcase name="testFormatIsPrettyPrinted" file="C:\Users\corvo\OneDrive\Рабочий стол\hp2\php-project-48\tests\Formatters\JsonTest.php" line="54" class="Differ\Tests\Formatters\JsonTest" classname="Differ.Tests.Formatters.JsonTest" assertions="2" time="0.000403"/>
      </testsuite>
      <testsuite name="Differ\Tests\Formatters\PlainTest" file="C:\Users\corvo\OneDrive\Рабочий стол\hp2\php-project-48\tests\Formatters\PlainTest.php" tests="1" assertions="5" errors="0" failures="0" skipped="0" time="0.000547">
        <testcase name="testFormat" file="C:\Users\corvo\OneDrive\Рабочий стол\hp2\php-project-48\tests\Formatters\PlainTest.php" line="10" class="Differ\Tests\Formatters\PlainTest" classname="Differ.Tests.Formatters.PlainTest" assertions="5" time="0.000547"/>
      </testsuite>
      <testsuite name="Differ\Tests\Parsers\JsonTest" file="C:\Users\corvo\OneDrive\Рабочий стол\hp2\php-project-48\tests\Parsers\JsonTest.php" tests="3" assertions="6" errors="0" failures="0" skipped="0" time="0.003012">
        <testcase name="testSupportsJsonFormat" file="C:\Users\corvo\OneDrive\Рабочий стол\hp2\php-project-48\tests\Parsers\JsonTest.php" line="29" class="Differ\Tests\Parsers\JsonTest" classname="Differ.Tests.Parsers.JsonTest" assertions="2" time="0.001368"/>
        <testcase name="testParseInvalidJson" file="C:\Users\corvo\OneDrive\Рабочий стол\hp2\php-project-48\tests\Parsers\JsonTest.php" line="21" class="Differ\Tests\Parsers\JsonTest" classname="Differ.Tests.Parsers.JsonTest" assertions="2" time="0.000969"/>
        <testcase name="testParseValidJson" file="C:\Users\corvo\OneDrive\Рабочий стол\hp2\php-project-48\tests\Parsers\JsonTest.php" line="12" class="Differ\Tests\Parsers\JsonTest" classname="Differ.Tests.Parsers.JsonTest" assertions="2" time="0.000675"/>
      </testsuite>
      <testsuite name="Differ\Tests\Parsers\YamlTest" file="C:\Users\corvo\OneDrive\Рабочий стол\hp2\php-project-48\tests\Parsers\YamlTest.php" tests="4" assertions="11" errors="0" failures="0" skipped="0" time="0.004602">
        <testcase name="testParseEmptyYaml" file="C:\Users\corvo\OneDrive\Рабочий стол\hp2\php-project-48\tests\Parsers\YamlTest.php" line="45" class="Differ\Tests\Parsers\YamlTest" classname="Differ.Tests.Parsers.YamlTest" assertions="2" time="0.000294"/>
        <testcase name="testSupportsYamlFormats" file="C:\Users\corvo\OneDrive\Рабочий стол\hp2\php-project-48\tests\Parsers\YamlTest.php" line="37" class="Differ\Tests\Parsers\YamlTest" classname="Differ.Tests.Parsers.YamlTest" assertions="3" time="0.000137"/>
        <testcase name="testParseInvalidYaml" file="C:\Users\corvo\OneDrive\Рабочий стол\hp2\php-project-48\tests\Parsers\YamlTest.php" line="29" class="Differ\Tests\Parsers\YamlTest" classname="Differ.Tests.Parsers.YamlTest" assertions="2" time="0.003910"/>
        <testcase name="testParseValidYaml" file="C:\Users\corvo\OneDrive\Рабочий стол\hp2\php-project-48\tests\Parsers\YamlTest.php" line="12" class="Differ\Tests\Parsers\YamlTest" classname="Differ.Tests.Parsers.YamlTest" assertions="4" time="0.000260"/>
      </testsuite>
      <testsuite name="Differ\Tests\DifferTest" file="C:\Users\corvo\OneDrive\Рабочий стол\hp2\php-project-48\tests\DifferTest.php" tests="8" assertions="10" errors="0" failures="0" skipped="0" time="0.005600">
        <testsuite name="Differ\Tests\DifferTest::testGenDiff" tests="6" assertions="6" errors="0" failures="0" skipped="0" time="0.004755">
          <testcase name="testGenDiff with data set #5" file="C:\Users\corvo\OneDrive\Рабочий стол\hp2\php-project-48\tests\DifferTest.php" line="28" class="Differ\Tests\DifferTest" classname="Differ.Tests.DifferTest" assertions="1" time="0.000744"/>
          <testcase name="testGenDiff with data set #3" file="C:\Users\corvo\OneDrive\Рабочий стол\hp2\php-project-48\tests\DifferTest.php" line="28" class="Differ\Tests\DifferTest" classname="Differ.Tests.DifferTest" assertions="1" time="0.001506"/>
          <testcase name="testGenDiff with data set #0" file="C:\Users\corvo\OneDrive\Рабочий стол\hp2\php-project-48\tests\DifferTest.php" line="28" class="Differ\Tests\DifferTest" classname="Differ.Tests.DifferTest" assertions="1" time="0.000683"/>
          <testcase name="testGenDiff with data set #4" file="C:\Users\corvo\OneDrive\Рабочий стол\hp2\php-project-48\tests\DifferTest.php" line="28" class="Differ\Tests\DifferTest" classname="Differ.Tests.DifferTest" assertions="1" time="0.000658"/>
          <testcase name="testGenDiff with data set #1" file="C:\Users\corvo\OneDrive\Рабочий стол\hp2\php-project-48\tests\DifferTest.php" line="28" class="Differ\Tests\DifferTest" classname="Differ.Tests.DifferTest" assertions="1" time="0.000665"/>
          <testcase name="testGenDiff with data set #2" file="C:\Users\corvo\OneDrive\Рабочий стол\hp2\php-project-48\tests\DifferTest.php" line="28" class="Differ\Tests\DifferTest" classname="Differ.Tests.DifferTest" assertions="1" time="0.000498"/>
        </testsuite>
        <testcase name="testInvalidFileFormat" file="C:\Users\corvo\OneDrive\Рабочий стол\hp2\php-project-48\tests\DifferTest.php" line="51" class="Differ\Tests\DifferTest" classname="Differ.Tests.DifferTest" assertions="2" time="0.000672"/>
        <testcase name="testFileNotFound" file="C:\Users\corvo\OneDrive\Рабочий стол\hp2\php-project-48\tests\DifferTest.php" line="44" class="Differ\Tests\DifferTest" classname="Differ.Tests.DifferTest" assertions="2" time="0.000173"/>
      </testsuite>
    </testsuite>
  </testsuite>
</testsuites>
